<?xml version="1.0" encoding="UTF-8"?>
<!-- Generated by org.testng.reporters.JUnitXMLReporter -->
<testsuite hostname="dvtest" name="Test" tests="3" failures="1" timestamp="9 Aug 2019 11:27:53 GMT" time="6.518" errors="0">
  <testcase name="loginPage" time="0.559" classname="com.TestTechnology.TestApp"/>
  <testcase name="verifyloginUser" time="0.033" classname="com.TestTechnology.TestApp">
    <failure type="junit.framework.AssertionFailedError">
      <![CDATA[junit.framework.AssertionFailedError
	at junit.framework.Assert.fail(Assert.java:47)
	at junit.framework.Assert.assertTrue(Assert.java:20)
	at junit.framework.Assert.assertTrue(Assert.java:27)
	at com.TestTechnology.TestApp.verifyloginUser(TestApp.java:57)
... Removed 24 stack frames]]>
    </failure>
  </testcase> <!-- verifyloginUser -->
  <testcase name="logoutPage" time="0.253" classname="com.TestTechnology.TestApp"/>
</testsuite> <!-- Test -->
